TN:
SF:C:/Users/offor/Documents/project/Book-A-Meal/server.js
FN:18,(anonymous_1)
FNF:1
FNH:1
FNDA:1,(anonymous_1)
DA:1,1
DA:2,1
DA:3,1
DA:7,1
DA:8,1
DA:11,1
DA:12,1
DA:13,1
DA:16,1
DA:18,1
LF:10
LH:10
BRDA:8,0,0,1
BRDA:8,0,1,1
BRF:2
BRH:2
end_of_record
TN:
SF:C:/Users/offor/Documents/project/Book-A-Meal/server/controllers/mealController.js
FN:5,(anonymous_8)
FN:18,(anonymous_10)
FN:27,(anonymous_12)
FN:34,(anonymous_13)
FN:44,(anonymous_15)
FN:46,(anonymous_16)
FNF:6
FNH:0
FNDA:0,(anonymous_8)
FNDA:0,(anonymous_10)
FNDA:0,(anonymous_12)
FNDA:0,(anonymous_13)
FNDA:0,(anonymous_15)
FNDA:0,(anonymous_16)
DA:1,1
DA:5,0
DA:6,0
DA:11,0
DA:18,0
DA:19,0
DA:24,0
DA:27,0
DA:28,0
DA:29,0
DA:35,0
DA:42,0
DA:44,0
DA:45,0
DA:46,0
DA:47,0
LF:16
LH:1
BRDA:28,0,0,0
BRDA:28,0,1,0
BRDA:30,1,0,0
BRDA:30,1,1,0
BRDA:31,2,0,0
BRDA:31,2,1,0
BRDA:32,3,0,0
BRDA:32,3,1,0
BRDA:33,4,0,0
BRDA:33,4,1,0
BRDA:45,5,0,0
BRDA:45,5,1,0
BRF:12
BRH:0
end_of_record
TN:
SF:C:/Users/offor/Documents/project/Book-A-Meal/server/controllers/menuController.js
FN:11,(anonymous_8)
FN:13,(anonymous_9)
FN:30,(anonymous_11)
FNF:3
FNH:0
FNDA:0,(anonymous_8)
FNDA:0,(anonymous_9)
FNDA:0,(anonymous_11)
DA:1,1
DA:5,0
DA:7,0
DA:8,0
DA:11,0
DA:12,0
DA:13,0
DA:14,0
DA:17,0
DA:23,0
DA:25,0
DA:31,0
LF:12
LH:1
BRDA:7,0,0,0
BRDA:7,0,1,0
BRDA:12,1,0,0
BRDA:12,1,1,0
BRF:4
BRH:0
end_of_record
TN:
SF:C:/Users/offor/Documents/project/Book-A-Meal/server/controllers/orderController.js
FN:11,(anonymous_8)
FN:15,(anonymous_9)
FN:29,(anonymous_11)
FN:37,(anonymous_13)
FN:42,(anonymous_14)
FN:54,(anonymous_16)
FN:56,(anonymous_17)
FNF:7
FNH:0
FNDA:0,(anonymous_8)
FNDA:0,(anonymous_9)
FNDA:0,(anonymous_11)
FNDA:0,(anonymous_13)
FNDA:0,(anonymous_14)
FNDA:0,(anonymous_16)
FNDA:0,(anonymous_17)
DA:1,1
DA:4,0
DA:5,0
DA:7,0
DA:8,0
DA:11,0
DA:12,0
DA:13,0
DA:16,0
DA:19,0
DA:25,0
DA:30,0
DA:35,0
DA:37,0
DA:38,0
DA:39,0
DA:43,0
DA:46,0
DA:52,0
DA:54,0
DA:55,0
DA:56,0
DA:57,0
DA:60,0
LF:24
LH:1
BRDA:7,0,0,0
BRDA:7,0,1,0
BRDA:12,1,0,0
BRDA:12,1,1,0
BRDA:38,2,0,0
BRDA:38,2,1,0
BRDA:40,3,0,0
BRDA:40,3,1,0
BRDA:41,4,0,0
BRDA:41,4,1,0
BRDA:55,5,0,0
BRDA:55,5,1,0
BRF:12
BRH:0
end_of_record
TN:
SF:C:/Users/offor/Documents/project/Book-A-Meal/server/controllers/userController.js
FN:15,(anonymous_8)
FN:30,(anonymous_10)
FN:31,(anonymous_11)
FNF:3
FNH:0
FNDA:0,(anonymous_8)
FNDA:0,(anonymous_10)
FNDA:0,(anonymous_11)
DA:1,1
DA:2,1
DA:6,0
DA:15,0
DA:16,0
DA:21,0
DA:26,0
DA:31,0
DA:32,0
DA:33,0
DA:35,0
LF:11
LH:2
BRDA:32,0,0,0
BRDA:32,0,1,0
BRF:2
BRH:0
end_of_record
TN:
SF:C:/Users/offor/Documents/project/Book-A-Meal/server/data/menu.js
FNF:0
FNH:0
DA:1,1
LF:1
LH:1
BRF:0
BRH:0
end_of_record
TN:
SF:C:/Users/offor/Documents/project/Book-A-Meal/server/data/order.js
FNF:0
FNH:0
DA:1,1
LF:1
LH:1
BRF:0
BRH:0
end_of_record
TN:
SF:C:/Users/offor/Documents/project/Book-A-Meal/server/middlewares/user.js
FN:7,(anonymous_8)
FNF:1
FNH:0
FNDA:0,(anonymous_8)
DA:1,1
DA:5,9
DA:6,0
DA:7,0
DA:8,0
DA:9,0
DA:11,0
DA:12,0
DA:15,9
DA:19,0
DA:20,0
DA:22,0
DA:26,0
DA:27,0
DA:29,0
LF:15
LH:3
BRDA:5,0,0,0
BRDA:5,0,1,9
BRDA:5,1,0,9
BRDA:5,1,1,0
BRDA:8,2,0,0
BRDA:8,2,1,0
BRDA:19,3,0,0
BRDA:19,3,1,0
BRDA:26,4,0,0
BRDA:26,4,1,0
BRF:10
BRH:2
end_of_record
TN:
SF:C:/Users/offor/Documents/project/Book-A-Meal/server/models/index.js
FN:19,(anonymous_0)
FN:23,(anonymous_1)
FN:28,(anonymous_2)
FNF:3
FNH:3
FNDA:5,(anonymous_0)
FNDA:4,(anonymous_1)
FNDA:4,(anonymous_2)
DA:1,1
DA:2,1
DA:3,1
DA:5,1
DA:6,1
DA:7,1
DA:8,1
DA:10,1
DA:11,1
DA:12,0
DA:14,1
DA:17,1
DA:19,5
DA:24,4
DA:25,4
DA:28,1
DA:29,4
DA:30,2
DA:34,1
DA:35,1
LF:20
LH:19
BRDA:6,0,0,1
BRDA:6,0,1,1
BRDA:11,1,0,0
BRDA:11,1,1,1
BRDA:20,2,0,5
BRDA:20,2,1,5
BRDA:20,2,2,4
BRDA:29,3,0,2
BRDA:29,3,1,2
BRF:9
BRH:8
end_of_record
TN:
SF:C:/Users/offor/Documents/project/Book-A-Meal/server/models/meals.js
FNF:0
FNH:0
DA:3,1
DA:21,1
LF:2
LH:2
BRF:0
BRH:0
end_of_record
TN:
SF:C:/Users/offor/Documents/project/Book-A-Meal/server/models/menu.js
FN:9,(anonymous_1)
FNF:1
FNH:1
FNDA:1,(anonymous_1)
DA:3,1
DA:9,1
DA:10,1
DA:14,1
LF:4
LH:4
BRF:0
BRH:0
end_of_record
TN:
SF:C:/Users/offor/Documents/project/Book-A-Meal/server/models/order.js
FN:24,(anonymous_1)
FNF:1
FNH:1
FNDA:1,(anonymous_1)
DA:2,1
DA:24,1
DA:25,1
DA:26,1
DA:28,1
LF:5
LH:5
BRF:0
BRH:0
end_of_record
TN:
SF:C:/Users/offor/Documents/project/Book-A-Meal/server/models/user.js
FNF:0
FNH:0
DA:3,1
DA:30,1
LF:2
LH:2
BRF:0
BRH:0
end_of_record
TN:
SF:C:/Users/offor/Documents/project/Book-A-Meal/server/routes/index.js
FN:6,routes
FNF:1
FNH:1
FNDA:1,routes
DA:1,1
DA:2,1
DA:3,1
DA:4,1
DA:6,1
DA:7,1
DA:8,1
DA:9,1
DA:10,1
LF:9
LH:9
BRF:0
BRH:0
end_of_record
TN:
SF:C:/Users/offor/Documents/project/Book-A-Meal/server/routes/mealRoutes.js
FN:4,mealRoutes
FNF:1
FNH:1
FNDA:1,mealRoutes
DA:1,1
DA:2,1
DA:4,1
DA:5,1
DA:6,1
DA:7,1
DA:8,1
LF:7
LH:7
BRF:0
BRH:0
end_of_record
TN:
SF:C:/Users/offor/Documents/project/Book-A-Meal/server/routes/menuRoutes.js
FN:4,menuRoutes
FNF:1
FNH:1
FNDA:1,menuRoutes
DA:1,1
DA:2,1
DA:4,1
DA:5,1
DA:6,1
LF:5
LH:5
BRF:0
BRH:0
end_of_record
TN:
SF:C:/Users/offor/Documents/project/Book-A-Meal/server/routes/orderRoutes.js
FN:4,orderRoutes
FNF:1
FNH:1
FNDA:1,orderRoutes
DA:1,1
DA:2,1
DA:4,1
DA:5,1
DA:6,1
DA:7,1
DA:8,1
LF:7
LH:7
BRF:0
BRH:0
end_of_record
TN:
SF:C:/Users/offor/Documents/project/Book-A-Meal/server/routes/userRoutes.js
FN:4,userRoutes
FNF:1
FNH:1
FNDA:1,userRoutes
DA:1,1
DA:2,1
DA:4,1
DA:5,1
DA:6,1
LF:5
LH:5
BRF:0
BRH:0
end_of_record
TN:
SF:C:/Users/offor/Documents/project/Book-A-Meal/server/test/mealTest.js
FN:10,(anonymous_1)
FN:11,(anonymous_2)
FN:12,(anonymous_3)
FN:15,(anonymous_4)
FN:22,(anonymous_5)
FN:23,(anonymous_6)
FN:32,(anonymous_7)
FN:38,(anonymous_8)
FN:47,(anonymous_9)
FNF:9
FNH:9
FNDA:1,(anonymous_1)
FNDA:1,(anonymous_2)
FNDA:1,(anonymous_3)
FNDA:1,(anonymous_4)
FNDA:1,(anonymous_5)
FNDA:1,(anonymous_6)
FNDA:1,(anonymous_7)
FNDA:1,(anonymous_8)
FNDA:1,(anonymous_9)
DA:1,1
DA:2,1
DA:3,1
DA:4,1
DA:6,1
DA:8,1
DA:10,1
DA:11,1
DA:12,1
DA:13,1
DA:16,1
DA:17,1
DA:22,1
DA:23,1
DA:24,1
DA:33,1
DA:34,0
DA:38,1
DA:39,1
DA:48,1
DA:49,0
LF:21
LH:19
BRF:0
BRH:0
end_of_record
TN:
SF:C:/Users/offor/Documents/project/Book-A-Meal/server/test/menuTest.js
FN:9,(anonymous_1)
FN:10,(anonymous_2)
FN:11,(anonymous_3)
FN:21,(anonymous_4)
FN:27,(anonymous_5)
FN:37,(anonymous_6)
FN:45,(anonymous_7)
FN:46,(anonymous_8)
FN:50,(anonymous_9)
FNF:9
FNH:9
FNDA:1,(anonymous_1)
FNDA:1,(anonymous_2)
FNDA:1,(anonymous_3)
FNDA:1,(anonymous_4)
FNDA:1,(anonymous_5)
FNDA:1,(anonymous_6)
FNDA:1,(anonymous_7)
FNDA:1,(anonymous_8)
FNDA:1,(anonymous_9)
DA:1,1
DA:2,1
DA:3,1
DA:4,1
DA:5,1
DA:7,1
DA:9,1
DA:10,1
DA:11,1
DA:12,1
DA:22,1
DA:23,0
DA:27,1
DA:28,1
DA:38,1
DA:39,0
DA:40,0
DA:45,1
DA:46,1
DA:47,1
DA:51,1
DA:52,0
DA:53,0
LF:23
LH:18
BRF:0
BRH:0
end_of_record
TN:
SF:C:/Users/offor/Documents/project/Book-A-Meal/server/test/orderTest.js
FN:10,(anonymous_1)
FN:11,(anonymous_2)
FN:12,(anonymous_3)
FN:18,(anonymous_4)
FN:25,(anonymous_5)
FN:31,(anonymous_6)
FN:39,(anonymous_7)
FN:40,(anonymous_8)
FN:43,(anonymous_9)
FNF:9
FNH:9
FNDA:1,(anonymous_1)
FNDA:1,(anonymous_2)
FNDA:1,(anonymous_3)
FNDA:1,(anonymous_4)
FNDA:1,(anonymous_5)
FNDA:1,(anonymous_6)
FNDA:1,(anonymous_7)
FNDA:1,(anonymous_8)
FNDA:1,(anonymous_9)
DA:1,1
DA:2,1
DA:3,1
DA:4,1
DA:5,1
DA:7,1
DA:10,1
DA:11,1
DA:12,1
DA:13,1
DA:19,1
DA:20,0
DA:21,0
DA:25,1
DA:26,1
DA:32,1
DA:33,0
DA:34,0
DA:39,1
DA:40,1
DA:41,1
DA:44,1
DA:45,0
LF:23
LH:18
BRF:0
BRH:0
end_of_record
